#
# There is insufficient memory for the Java Runtime Environment to continue.
# Native memory allocation (malloc) failed to allocate 32744 bytes for ChunkPool::allocate
# Possible reasons:
#   The system is out of physical RAM or swap space
#   In 32 bit mode, the process size limit was hit
# Possible solutions:
#   Reduce memory load on the system
#   Increase physical memory or swap space
#   Check if swap backing store is full
#   Use 64 bit Java on a 64 bit OS
#   Decrease Java heap size (-Xmx/-Xms)
#   Decrease number of Java threads
#   Decrease Java thread stack sizes (-Xss)
#   Set larger code cache with -XX:ReservedCodeCacheSize=
# This output file may be truncated or incomplete.
#
#  Out of Memory Error (allocation.cpp:273), pid=7284, tid=0x000000000000295c
#
# JRE version: Java(TM) SE Runtime Environment (8.0_101-b13) (build 1.8.0_101-b13)
# Java VM: Java HotSpot(TM) 64-Bit Server VM (25.101-b13 mixed mode windows-amd64 compressed oops)
# Failed to write core dump. Minidumps are not enabled by default on client versions of Windows
#

---------------  T H R E A D  ---------------

Current thread (0x00000000010b0800):  JavaThread "main" [_thread_in_vm, id=10588, stack(0x0000000002870000,0x0000000002970000)]

Stack: [0x0000000002870000,0x0000000002970000]
[error occurred during error reporting (printing stack bounds), id 0xc0000005]

Native frames: (J=compiled Java code, j=interpreted, Vv=VM code, C=native code)

Java frames: (J=compiled Java code, j=interpreted, Vv=VM code)
J 248  java.lang.Throwable.fillInStackTrace(I)Ljava/lang/Throwable; (0 bytes) @ 0x0000000002d3db7b [0x0000000002d3db40+0x3b]
J 3249 C2 java.lang.ClassNotFoundException.<init>(Ljava/lang/String;)V (7 bytes) @ 0x0000000002e5d460 [0x0000000002e5d3a0+0xc0]
v  ~StubRoutines::call_stub
J 803  java.lang.Class.forName0(Ljava/lang/String;ZLjava/lang/ClassLoader;Ljava/lang/Class;)Ljava/lang/Class; (0 bytes) @ 0x0000000002ed12c7 [0x0000000002ed1240+0x87]
J 2990 C1 java.net.URL.getURLStreamHandler(Ljava/lang/String;)Ljava/net/URLStreamHandler; (313 bytes) @ 0x00000000036e605c [0x00000000036e4520+0x1b3c]
J 327 C1 java.net.URL.<init>(Ljava/net/URL;Ljava/lang/String;Ljava/net/URLStreamHandler;)V (543 bytes) @ 0x0000000002d77494 [0x0000000002d75d20+0x1774]
J 2988 C1 java.net.URL.<init>(Ljava/lang/String;)V (7 bytes) @ 0x00000000036cd35c [0x00000000036cd280+0xdc]
j  ro.isdc.wro.model.resource.locator.UrlUriLocator.isValid(Ljava/lang/String;)Z+5
j  ro.isdc.wro.model.resource.locator.UrlUriLocator.accept(Ljava/lang/String;)Z+1
j  ro.isdc.wro.model.resource.locator.factory.SimpleUriLocatorFactory.getInstance(Ljava/lang/String;)Lro/isdc/wro/model/resource/locator/UriLocator;+31
j  ro.isdc.wro.model.resource.locator.factory.InjectableUriLocatorFactoryDecorator.getInstance(Ljava/lang/String;)Lro/isdc/wro/model/resource/locator/UriLocator;+8
j  ro.isdc.wro.model.resource.locator.factory.InjectableUriLocatorFactoryDecorator.locate(Ljava/lang/String;)Ljava/io/InputStream;+2
j  ro.isdc.wro.maven.plugin.support.ResourceChangeHandler.remember(Lro/isdc/wro/model/resource/Resource;)V+31
j  ro.isdc.wro.maven.plugin.support.ResourceChangeHandler$2.apply(Ljava/lang/String;)Ljava/lang/Void;+11
j  ro.isdc.wro.maven.plugin.support.ResourceChangeHandler$2.apply(Ljava/lang/Object;)Ljava/lang/Object;+5
j  ro.isdc.wro.maven.plugin.support.ResourceChangeHandler$3.onImportDetected(Ljava/lang/String;)V+36
j  ro.isdc.wro.model.resource.processor.impl.css.AbstractCssImportPreProcessor.findImportedResources(Ljava/lang/String;Ljava/lang/String;)Ljava/util/List;+100
j  ro.isdc.wro.model.resource.processor.impl.css.AbstractCssImportPreProcessor.parseCss(Lro/isdc/wro/model/resource/Resource;Ljava/lang/String;)Ljava/lang/String;+53
j  ro.isdc.wro.model.resource.processor.impl.css.AbstractCssImportPreProcessor.process(Lro/isdc/wro/model/resource/Resource;Ljava/io/Reader;Ljava/io/Writer;)V+24
j  ro.isdc.wro.model.resource.processor.decorator.ProcessorDecorator.process(Lro/isdc/wro/model/resource/Resource;Ljava/io/Reader;Ljava/io/Writer;)V+32
j  ro.isdc.wro.model.resource.processor.decorator.ExceptionHandlingProcessorDecorator.process(Lro/isdc/wro/model/resource/Resource;Ljava/io/Reader;Ljava/io/Writer;)V+32
j  ro.isdc.wro.maven.plugin.support.ResourceChangeHandler.forEachCssImportApply(Lro/isdc/wro/util/Function;Lro/isdc/wro/model/resource/Resource;Ljava/io/Reader;)V+34
j  ro.isdc.wro.maven.plugin.support.ResourceChangeHandler.persistFingerprintsForCssImports(Lro/isdc/wro/model/resource/Resource;Ljava/io/Reader;)V+11
j  ro.isdc.wro.maven.plugin.support.ResourceChangeHandler.remember(Lro/isdc/wro/model/resource/Resource;)V+159
j  ro.isdc.wro.maven.plugin.support.ResourceChangeHandler$2.apply(Ljava/lang/String;)Ljava/lang/Void;+11
j  ro.isdc.wro.maven.plugin.support.ResourceChangeHandler$2.apply(Ljava/lang/Object;)Ljava/lang/Object;+5
j  ro.isdc.wro.maven.plugin.support.ResourceChangeHandler$3.onImportDetected(Ljava/lang/String;)V+36
j  ro.isdc.wro.model.resource.processor.impl.css.AbstractCssImportPreProcessor.findImportedResources(Ljava/lang/String;Ljava/lang/String;)Ljava/util/List;+100
j  ro.isdc.wro.model.resource.processor.impl.css.AbstractCssImportPreProcessor.parseCss(Lro/isdc/wro/model/resource/Resource;Ljava/lang/String;)Ljava/lang/String;+53
j  ro.isdc.wro.model.resource.processor.impl.css.AbstractCssImportPreProcessor.process(Lro/isdc/wro/model/resource/Resource;Ljava/io/Reader;Ljava/io/Writer;)V+24
j  ro.isdc.wro.model.resource.processor.decorator.ProcessorDecorator.process(Lro/isdc/wro/model/resource/Resource;Ljava/io/Reader;Ljava/io/Writer;)V+32
j  ro.isdc.wro.model.resource.processor.decorator.ExceptionHandlingProcessorDecorator.process(Lro/isdc/wro/model/resource/Resource;Ljava/io/Reader;Ljava/io/Writer;)V+32
j  ro.isdc.wro.maven.plugin.support.ResourceChangeHandler.forEachCssImportApply(Lro/isdc/wro/util/Function;Lro/isdc/wro/model/resource/Resource;Ljava/io/Reader;)V+34
j  ro.isdc.wro.maven.plugin.support.ResourceChangeHandler.persistFingerprintsForCssImports(Lro/isdc/wro/model/resource/Resource;Ljava/io/Reader;)V+11
j  ro.isdc.wro.maven.plugin.support.ResourceChangeHandler.remember(Lro/isdc/wro/model/resource/Resource;)V+159
j  ro.isdc.wro.maven.plugin.AbstractWro4jMojo.persistResourceFingerprints(Ljava/util/List;)V+92
j  ro.isdc.wro.maven.plugin.AbstractWro4jMojo.getTargetGroupsAsList()Ljava/util/List;+47
j  ro.isdc.wro.maven.plugin.Wro4jMojo.doExecute()V+184
j  ro.isdc.wro.maven.plugin.AbstractWro4jMojo.execute()V+315
j  org.apache.maven.plugin.DefaultBuildPluginManager.executeMojo(Lorg/apache/maven/execution/MavenSession;Lorg/apache/maven/plugin/MojoExecution;)V+101
j  org.apache.maven.lifecycle.internal.MojoExecutor.execute(Lorg/apache/maven/execution/MavenSession;Lorg/apache/maven/plugin/MojoExecution;Lorg/apache/maven/lifecycle/internal/ProjectIndex;Lorg/apache/maven/lifecycle/internal/DependencyContext;)V+215
j  org.apache.maven.lifecycle.internal.MojoExecutor.execute(Lorg/apache/maven/execution/MavenSession;Lorg/apache/maven/plugin/MojoExecution;Lorg/apache/maven/lifecycle/internal/ProjectIndex;Lorg/apache/maven/lifecycle/internal/DependencyContext;Lorg/apache/maven/lifecycle/internal/PhaseRecorder;)V+6
j  org.apache.maven.lifecycle.internal.MojoExecutor.execute(Lorg/apache/maven/execution/MavenSession;Ljava/util/List;Lorg/apache/maven/lifecycle/internal/ProjectIndex;)V+60
j  org.apache.maven.lifecycle.internal.LifecycleModuleBuilder.buildProject(Lorg/apache/maven/execution/MavenSession;Lorg/apache/maven/execution/MavenSession;Lorg/apache/maven/lifecycle/internal/ReactorContext;Lorg/apache/maven/project/MavenProject;Lorg/apache/maven/lifecycle/internal/TaskSegment;)V+107
j  org.apache.maven.lifecycle.internal.LifecycleModuleBuilder.buildProject(Lorg/apache/maven/execution/MavenSession;Lorg/apache/maven/lifecycle/internal/ReactorContext;Lorg/apache/maven/project/MavenProject;Lorg/apache/maven/lifecycle/internal/TaskSegment;)V+7
j  org.apache.maven.lifecycle.internal.LifecycleStarter.singleThreadedBuild(Lorg/apache/maven/execution/MavenSession;Lorg/apache/maven/lifecycle/internal/ReactorContext;Lorg/apache/maven/lifecycle/internal/ProjectBuildList;Ljava/util/List;Lorg/apache/maven/lifecycle/internal/ReactorBuildStatus;)V+77
j  org.apache.maven.lifecycle.internal.LifecycleStarter.execute(Lorg/apache/maven/execution/MavenSession;)V+421
j  org.apache.maven.DefaultMaven.doExecute(Lorg/apache/maven/execution/MavenExecutionRequest;)Lorg/apache/maven/execution/MavenExecutionResult;+585
j  org.apache.maven.DefaultMaven.execute(Lorg/apache/maven/execution/MavenExecutionRequest;)Lorg/apache/maven/execution/MavenExecutionResult;+11
j  org.apache.maven.cli.MavenCli.execute(Lorg/apache/maven/cli/MavenCli$CliRequest;)I+19
j  org.apache.maven.cli.MavenCli.doMain(Lorg/apache/maven/cli/MavenCli$CliRequest;)I+53
j  org.apache.maven.cli.MavenCli.main([Ljava/lang/String;Lorg/codehaus/plexus/classworlds/ClassWorld;)I+18
v  ~StubRoutines::call_stub
j  sun.reflect.NativeMethodAccessorImpl.invoke0(Ljava/lang/reflect/Method;Ljava/lang/Object;[Ljava/lang/Object;)Ljava/lang/Object;+0
j  sun.reflect.NativeMethodAccessorImpl.invoke(Ljava/lang/Object;[Ljava/lang/Object;)Ljava/lang/Object;+100
j  sun.reflect.DelegatingMethodAccessorImpl.invoke(Ljava/lang/Object;[Ljava/lang/Object;)Ljava/lang/Object;+6
j  java.lang.reflect.Method.invoke(Ljava/lang/Object;[Ljava/lang/Object;)Ljava/lang/Object;+56
j  org.codehaus.plexus.classworlds.launcher.Launcher.launchEnhanced([Ljava/lang/String;)V+45
j  org.codehaus.plexus.classworlds.launcher.Launcher.launch([Ljava/lang/String;)V+2
j  org.codehaus.plexus.classworlds.launcher.Launcher.mainWithExitCode([Ljava/lang/String;)I+97
j  org.codehaus.plexus.classworlds.launcher.Launcher.main([Ljava/lang/String;)V+1
j  org.codehaus.classworlds.Launcher.main([Ljava/lang/String;)V+1
v  ~StubRoutines::call_stub
j  sun.reflect.NativeMethodAccessorImpl.invoke0(Ljava/lang/reflect/Method;Ljava/lang/Object;[Ljava/lang/Object;)Ljava/lang/Object;+0
j  sun.reflect.NativeMethodAccessorImpl.invoke(Ljava/lang/Object;[Ljava/lang/Object;)Ljava/lang/Object;+100
j  sun.reflect.DelegatingMethodAccessorImpl.invoke(Ljava/lang/Object;[Ljava/lang/Object;)Ljava/lang/Object;+6
j  java.lang.reflect.Method.invoke(Ljava/lang/Object;[Ljava/lang/Object;)Ljava/lang/Object;+56
j  com.intellij.rt.execution.application.AppMain.main([Ljava/lang/String;)V+170
v  ~StubRoutines::call_stub

---------------  P R O C E S S  ---------------

Java Threads: ( => current thread )
  0x00000000201f2000 JavaThread "SeedGenerator Thread" daemon [_thread_new, id=5140, stack(0x0000000000000000,0x0000000000000000)]
  0x000000001ee5d000 JavaThread "SeedGenerator Thread" daemon [_thread_blocked, id=15076, stack(0x0000000023e80000,0x0000000023f80000)]
  0x0000000020a91000 JavaThread "SeedGenerator Thread" daemon [_thread_in_Java, id=11048, stack(0x0000000022780000,0x0000000022880000)]
  0x000000001da6f000 JavaThread "Monitor Ctrl-Break" daemon [_thread_in_native, id=14404, stack(0x000000001dfc0000,0x000000001e0c0000)]
  0x000000001d9ed000 JavaThread "Service Thread" daemon [_thread_blocked, id=680, stack(0x000000001ddc0000,0x000000001dec0000)]
  0x000000001c07c800 JavaThread "C1 CompilerThread2" daemon [_thread_blocked, id=7600, stack(0x000000001d8c0000,0x000000001d9c0000)]
  0x000000001c074000 JavaThread "C2 CompilerThread1" daemon [_thread_in_native, id=4260, stack(0x000000001d7c0000,0x000000001d8c0000)]
  0x000000001c071800 JavaThread "C2 CompilerThread0" daemon [_thread_in_native, id=14300, stack(0x000000001d6c0000,0x000000001d7c0000)]
  0x000000001c06f800 JavaThread "Attach Listener" daemon [_thread_blocked, id=13328, stack(0x000000001d5c0000,0x000000001d6c0000)]
  0x000000001c06e800 JavaThread "Signal Dispatcher" daemon [_thread_blocked, id=13624, stack(0x000000001d4c0000,0x000000001d5c0000)]
  0x000000001c05a800 JavaThread "Finalizer" daemon [_thread_blocked, id=13884, stack(0x000000001d2d0000,0x000000001d3d0000)]
  0x00000000011a1800 JavaThread "Reference Handler" daemon [_thread_blocked, id=13356, stack(0x000000001d1d0000,0x000000001d2d0000)]
=>0x00000000010b0800 JavaThread "main" [_thread_in_vm, id=10588, stack(0x0000000002870000,0x0000000002970000)]

Other Threads:
  0x000000001c037800 VMThread [stack: 0x000000001d0d0000,0x000000001d1d0000] [id=14448]
  0x000000001da02800 WatcherThread [stack: 0x000000001dec0000,0x000000001dfc0000] [id=4504]

VM state:not at safepoint (normal execution)

VM Mutex/Monitor currently owned by a thread: None

Heap:
 PSYoungGen      total 141824K, used 56116K [0x000000076b400000, 0x000000077c900000, 0x00000007c0000000)
  eden space 131072K, 34% used [0x000000076b400000,0x000000076e055280,0x0000000773400000)
  from space 10752K, 99% used [0x0000000773400000,0x0000000773e78020,0x0000000773e80000)
  to   space 10752K, 0% used [0x000000077be80000,0x000000077be80000,0x000000077c900000)
 ParOldGen       total 175104K, used 2755K [0x00000006c1c00000, 0x00000006cc700000, 0x000000076b400000)
  object space 175104K, 1% used [0x00000006c1c00000,0x00000006c1eb0e28,0x00000006cc700000)
 Metaspace       used 19564K, capacity 19876K, committed 20096K, reserved 1067008K
  class space    used 2312K, capacity 2410K, committed 2432K, reserved 1048576K

Card table byte_map: [0x0000000011f60000,0x0000000012760000] byte_map_base: 0x000000000e952000

Marking Bits: (ParMarkBitMap*) 0x0000000069fda6d0
 Begin Bits: [0x0000000012fb0000, 0x0000000016f40000)
 End Bits:   [0x0000000016f40000, 0x000000001aed0000)

Polling page: 0x0000000001090000

CodeCache: size=245760Kb used=10293Kb max_used=11929Kb free=235466Kb
 bounds [0x0000000002ba0000, 0x0000000003760000, 0x0000000011ba0000]
 total_blobs=3268 nmethods=2894 adapters=286
 compilation: enabled

Compilation events (10 events):
Event: 15.127 Thread 0x000000001c07c800 nmethod 3376 0x000000000347e710 code [0x000000000347e8a0, 0x000000000347ec58]
Event: 15.139 Thread 0x000000001c07c800 3377       3       java.util.regex.Pattern::clazz (405 bytes)
Event: 15.140 Thread 0x000000001c071800 3378       4       java.util.regex.Pattern$BitClass::<init> (15 bytes)
Event: 15.142 Thread 0x000000001c071800 nmethod 3378 0x0000000002fd7490 code [0x0000000002fd75e0, 0x0000000002fd7718]
Event: 15.144 Thread 0x000000001c07c800 nmethod 3377 0x000000000318e890 code [0x000000000318edc0, 0x0000000003191f98]
Event: 15.201 Thread 0x000000001c07c800 3379       3       org.apache.log4j.Category::isDebugEnabled (28 bytes)
Event: 15.201 Thread 0x000000001c07c800 nmethod 3379 0x0000000002ea8ad0 code [0x0000000002ea8c60, 0x0000000002ea9250]
Event: 15.213 Thread 0x000000001c071800 3381       4       java.lang.String::indexOf (7 bytes)
Event: 15.224 Thread 0x000000001c071800 nmethod 3381 0x0000000002fddb50 code [0x0000000002fddca0, 0x0000000002fde0d8]
Event: 15.303 Thread 0x000000001c071800 3382       4       java.lang.Class::reflectionData (49 bytes)

GC Heap History (6 events):
Event: 1.534 GC heap before
{Heap before GC invocations=1 (full 0):
 PSYoungGen      total 76288K, used 65536K [0x000000076b400000, 0x0000000770900000, 0x00000007c0000000)
  eden space 65536K, 100% used [0x000000076b400000,0x000000076f400000,0x000000076f400000)
  from space 10752K, 0% used [0x000000076fe80000,0x000000076fe80000,0x0000000770900000)
  to   space 10752K, 0% used [0x000000076f400000,0x000000076f400000,0x000000076fe80000)
 ParOldGen       total 175104K, used 0K [0x00000006c1c00000, 0x00000006cc700000, 0x000000076b400000)
  object space 175104K, 0% used [0x00000006c1c00000,0x00000006c1c00000,0x00000006cc700000)
 Metaspace       used 11958K, capacity 12084K, committed 12288K, reserved 1060864K
  class space    used 1475K, capacity 1533K, committed 1536K, reserved 1048576K
Event: 1.550 GC heap after
Heap after GC invocations=1 (full 0):
 PSYoungGen      total 76288K, used 9857K [0x000000076b400000, 0x0000000774900000, 0x00000007c0000000)
  eden space 65536K, 0% used [0x000000076b400000,0x000000076b400000,0x000000076f400000)
  from space 10752K, 91% used [0x000000076f400000,0x000000076fda0540,0x000000076fe80000)
  to   space 10752K, 0% used [0x0000000773e80000,0x0000000773e80000,0x0000000774900000)
 ParOldGen       total 175104K, used 16K [0x00000006c1c00000, 0x00000006cc700000, 0x000000076b400000)
  object space 175104K, 0% used [0x00000006c1c00000,0x00000006c1c04000,0x00000006cc700000)
 Metaspace       used 11958K, capacity 12084K, committed 12288K, reserved 1060864K
  class space    used 1475K, capacity 1533K, committed 1536K, reserved 1048576K
}
Event: 2.565 GC heap before
{Heap before GC invocations=2 (full 0):
 PSYoungGen      total 76288K, used 75393K [0x000000076b400000, 0x0000000774900000, 0x00000007c0000000)
  eden space 65536K, 100% used [0x000000076b400000,0x000000076f400000,0x000000076f400000)
  from space 10752K, 91% used [0x000000076f400000,0x000000076fda0540,0x000000076fe80000)
  to   space 10752K, 0% used [0x0000000773e80000,0x0000000773e80000,0x0000000774900000)
 ParOldGen       total 175104K, used 16K [0x00000006c1c00000, 0x00000006cc700000, 0x000000076b400000)
  object space 175104K, 0% used [0x00000006c1c00000,0x00000006c1c04000,0x00000006cc700000)
 Metaspace       used 12772K, capacity 12956K, committed 13184K, reserved 1060864K
  class space    used 1537K, capacity 1607K, committed 1664K, reserved 1048576K
Event: 2.581 GC heap after
Heap after GC invocations=2 (full 0):
 PSYoungGen      total 141824K, used 8358K [0x000000076b400000, 0x0000000774900000, 0x00000007c0000000)
  eden space 131072K, 0% used [0x000000076b400000,0x000000076b400000,0x0000000773400000)
  from space 10752K, 77% used [0x0000000773e80000,0x00000007746a9918,0x0000000774900000)
  to   space 10752K, 0% used [0x0000000773400000,0x0000000773400000,0x0000000773e80000)
 ParOldGen       total 175104K, used 24K [0x00000006c1c00000, 0x00000006cc700000, 0x000000076b400000)
  object space 175104K, 0% used [0x00000006c1c00000,0x00000006c1c06000,0x00000006cc700000)
 Metaspace       used 12772K, capacity 12956K, committed 13184K, reserved 1060864K
  class space    used 1537K, capacity 1607K, committed 1664K, reserved 1048576K
}
Event: 5.894 GC heap before
{Heap before GC invocations=3 (full 0):
 PSYoungGen      total 141824K, used 139430K [0x000000076b400000, 0x0000000774900000, 0x00000007c0000000)
  eden space 131072K, 100% used [0x000000076b400000,0x0000000773400000,0x0000000773400000)
  from space 10752K, 77% used [0x0000000773e80000,0x00000007746a9918,0x0000000774900000)
  to   space 10752K, 0% used [0x0000000773400000,0x0000000773400000,0x0000000773e80000)
 ParOldGen       total 175104K, used 24K [0x00000006c1c00000, 0x00000006cc700000, 0x000000076b400000)
  object space 175104K, 0% used [0x00000006c1c00000,0x00000006c1c06000,0x00000006cc700000)
 Metaspace       used 14653K, capacity 14952K, committed 15232K, reserved 1062912K
  class space    used 1699K, capacity 1797K, committed 1920K, reserved 1048576K
Event: 5.915 GC heap after
Heap after GC invocations=3 (full 0):
 PSYoungGen      total 141824K, used 10720K [0x000000076b400000, 0x000000077c900000, 0x00000007c0000000)
  eden space 131072K, 0% used [0x000000076b400000,0x000000076b400000,0x0000000773400000)
  from space 10752K, 99% used [0x0000000773400000,0x0000000773e78020,0x0000000773e80000)
  to   space 10752K, 0% used [0x000000077be80000,0x000000077be80000,0x000000077c900000)
 ParOldGen       total 175104K, used 2755K [0x00000006c1c00000, 0x00000006cc700000, 0x000000076b400000)
  object space 175104K, 1% used [0x00000006c1c00000,0x00000006c1eb0e28,0x00000006cc700000)
 Metaspace       used 14653K, capacity 14952K, committed 15232K, reserved 1062912K
  class space    used 1699K, capacity 1797K, committed 1920K, reserved 1048576K
}

Deoptimization events (10 events):
Event: 14.098 Thread 0x00000000010b0800 Uncommon trap: reason=bimorphic action=maybe_recompile pc=0x0000000003209dc8 method=java.util.regex.Pattern$Curly.study(Ljava/util/regex/Pattern$TreeInfo;)Z @ 31
Event: 14.098 Thread 0x00000000010b0800 Uncommon trap: reason=bimorphic action=maybe_recompile pc=0x0000000003209dc8 method=java.util.regex.Pattern$Curly.study(Ljava/util/regex/Pattern$TreeInfo;)Z @ 31
Event: 14.141 Thread 0x00000000010b0800 Uncommon trap: reason=unstable_if action=reinterpret pc=0x0000000003022090 method=java.util.regex.Pattern$GroupTail.match(Ljava/util/regex/Matcher;ILjava/lang/CharSequence;)Z @ 13
Event: 14.143 Thread 0x00000000010b0800 Uncommon trap: reason=array_check action=maybe_recompile pc=0x0000000002ea7bf8 method=java.util.AbstractCollection.toArray([Ljava/lang/Object;)[Ljava/lang/Object; @ 119
Event: 14.160 Thread 0x00000000010b0800 Uncommon trap: reason=array_check action=maybe_recompile pc=0x0000000002ea7bf8 method=java.util.AbstractCollection.toArray([Ljava/lang/Object;)[Ljava/lang/Object; @ 119
Event: 14.184 Thread 0x00000000010b0800 Uncommon trap: reason=array_check action=maybe_recompile pc=0x0000000002ea7bf8 method=java.util.AbstractCollection.toArray([Ljava/lang/Object;)[Ljava/lang/Object; @ 119
Event: 14.192 Thread 0x00000000010b0800 Uncommon trap: reason=unloaded action=reinterpret pc=0x00000000031c3d40 method=java.util.regex.Pattern.escape(ZZZ)I @ 725
Event: 14.193 Thread 0x00000000010b0800 Uncommon trap: reason=unstable_if action=reinterpret pc=0x0000000003230288 method=java.util.regex.Pattern.bitsOrSingle(Ljava/util/regex/Pattern$BitClass;I)Ljava/util/regex/Pattern$CharProperty; @ 12
Event: 14.193 Thread 0x00000000010b0800 Uncommon trap: reason=unstable_if action=reinterpret pc=0x0000000003055f64 method=java.util.regex.Pattern.has(I)Z @ 6
Event: 14.659 Thread 0x00000000010b0800 Uncommon trap: reason=unstable_if action=reinterpret pc=0x000000000345c218 method=java.util.regex.Pattern$SliceI.match(Ljava/util/regex/Matcher;ILjava/lang/CharSequence;)Z @ 18

Internal exceptions (10 events):
Event: 15.118 Thread 0x00000000010b0800 Exception <a 'java/lang/ClassNotFoundException': sun/net/www/protocol/webjar/Handler> (0x000000076dcedbd0) thrown at [C:\re\workspace\8-2-build-windows-amd64-cygwin\jdk8u101\7261\hotspot\src\share\vm\classfile\systemDictionary.cpp, line 210]
Event: 15.124 Thread 0x00000000010b0800 Exception <a 'java/lang/ClassNotFoundException': sun/net/www/protocol/webjar/Handler> (0x000000076dd16ce0) thrown at [C:\re\workspace\8-2-build-windows-amd64-cygwin\jdk8u101\7261\hotspot\src\share\vm\classfile\systemDictionary.cpp, line 210]
Event: 15.125 Thread 0x00000000010b0800 Exception <a 'java/lang/ClassNotFoundException': sun/net/www/protocol/webjar/Handler> (0x000000076dd2bf00) thrown at [C:\re\workspace\8-2-build-windows-amd64-cygwin\jdk8u101\7261\hotspot\src\share\vm\classfile\systemDictionary.cpp, line 210]
Event: 15.132 Thread 0x00000000010b0800 Exception <a 'java/lang/ClassNotFoundException': sun/net/www/protocol/webjar/Handler> (0x000000076dd55010) thrown at [C:\re\workspace\8-2-build-windows-amd64-cygwin\jdk8u101\7261\hotspot\src\share\vm\classfile\systemDictionary.cpp, line 210]
Event: 15.133 Thread 0x00000000010b0800 Exception <a 'java/lang/ClassNotFoundException': sun/net/www/protocol/webjar/Handler> (0x000000076dd6b248) thrown at [C:\re\workspace\8-2-build-windows-amd64-cygwin\jdk8u101\7261\hotspot\src\share\vm\classfile\systemDictionary.cpp, line 210]
Event: 15.139 Thread 0x00000000010b0800 Exception <a 'java/lang/ClassNotFoundException': sun/net/www/protocol/webjar/Handler> (0x000000076dd93f18) thrown at [C:\re\workspace\8-2-build-windows-amd64-cygwin\jdk8u101\7261\hotspot\src\share\vm\classfile\systemDictionary.cpp, line 210]
Event: 15.141 Thread 0x00000000010b0800 Exception <a 'java/lang/ClassNotFoundException': sun/net/www/protocol/webjar/Handler> (0x000000076dda8648) thrown at [C:\re\workspace\8-2-build-windows-amd64-cygwin\jdk8u101\7261\hotspot\src\share\vm\classfile\systemDictionary.cpp, line 210]
Event: 15.200 Thread 0x00000000010b0800 Exception <a 'java/lang/ClassNotFoundException': sun/net/www/protocol/webjar/Handler> (0x000000076ddd0ec0) thrown at [C:\re\workspace\8-2-build-windows-amd64-cygwin\jdk8u101\7261\hotspot\src\share\vm\classfile\systemDictionary.cpp, line 210]
Event: 15.213 Thread 0x00000000010b0800 Exception <a 'java/lang/ClassNotFoundException': sun/net/www/protocol/webjar/Handler> (0x000000076dde5180) thrown at [C:\re\workspace\8-2-build-windows-amd64-cygwin\jdk8u101\7261\hotspot\src\share\vm\classfile\systemDictionary.cpp, line 210]
Event: 15.302 Thread 0x00000000010b0800 Exception <a 'java/lang/ClassNotFoundException': sun/net/www/protocol/webjar/Handler> (0x000000076de0d9e0) thrown at [C:\re\workspace\8-2-build-windows-amd64-cygwin\jdk8u101\7261\hotspot\src\share\vm\classfile\systemDictionary.cpp, line 210]

Events (10 events):
Event: 15.213 loading class sun/net/www/protocol/webjar/Handler
Event: 15.213 loading class sun/net/www/protocol/webjar/Handler done
Event: 15.213 loading class sun/net/www/protocol/webjar/Handler
Event: 15.213 loading class sun/net/www/protocol/webjar/Handler done
Event: 15.302 loading class sun/net/www/protocol/webjar/Handler
Event: 15.302 loading class sun/net/www/protocol/webjar/Handler done
Event: 15.302 loading class sun/net/www/protocol/webjar/Handler
Event: 15.302 loading class sun/net/www/protocol/webjar/Handler done
Event: 15.304 loading class sun/net/www/protocol/webjar/Handler
Event: 15.304 loading class sun/net/www/protocol/webjar/Handler done


Dynamic libraries:
0x00007ff701760000 - 0x00007ff701797000 	C:\Program Files\Java\jdk1.8.0_101\bin\java.exe
0x00007ffc4ab60000 - 0x00007ffc4ad31000 	C:\WINDOWS\SYSTEM32\ntdll.dll
0x00007ffc48df0000 - 0x00007ffc48e9b000 	C:\WINDOWS\System32\KERNEL32.DLL
0x00007ffc47450000 - 0x00007ffc4766d000 	C:\WINDOWS\System32\KERNELBASE.dll
0x00007ffc48600000 - 0x00007ffc486a2000 	C:\WINDOWS\System32\ADVAPI32.DLL
0x00007ffc4aab0000 - 0x00007ffc4ab4e000 	C:\WINDOWS\System32\msvcrt.dll
0x00007ffc491b0000 - 0x00007ffc49209000 	C:\WINDOWS\System32\sechost.dll
0x00007ffc486f0000 - 0x00007ffc48811000 	C:\WINDOWS\System32\RPCRT4.dll
0x000000006c780000 - 0x000000006c809000 	C:\WINDOWS\System32\SYSFER.DLL
0x00007ffc48a30000 - 0x00007ffc48b95000 	C:\WINDOWS\System32\USER32.dll
0x00007ffc47100000 - 0x00007ffc4711e000 	C:\WINDOWS\System32\win32u.dll
0x00007ffc486b0000 - 0x00007ffc486e4000 	C:\WINDOWS\System32\GDI32.dll
0x00007ffc47220000 - 0x00007ffc473a2000 	C:\WINDOWS\System32\gdi32full.dll
0x00007ffc37420000 - 0x00007ffc37699000 	C:\WINDOWS\WinSxS\amd64_microsoft.windows.common-controls_6595b64144ccf1df_6.0.14393.447_none_42191651c6827bb3\COMCTL32.dll
0x00007ffc49210000 - 0x00007ffc494d7000 	C:\WINDOWS\System32\combase.dll
0x00007ffc47120000 - 0x00007ffc47215000 	C:\WINDOWS\System32\ucrtbase.dll
0x00007ffc47670000 - 0x00007ffc476da000 	C:\WINDOWS\System32\bcryptPrimitives.dll
0x00007ffc489a0000 - 0x00007ffc489ce000 	C:\WINDOWS\System32\IMM32.DLL
0x0000000069370000 - 0x0000000069442000 	C:\Program Files\Java\jdk1.8.0_101\jre\bin\msvcr100.dll
0x00000000697c0000 - 0x000000006a05a000 	C:\Program Files\Java\jdk1.8.0_101\jre\bin\server\jvm.dll
0x00007ffc48150000 - 0x00007ffc48158000 	C:\WINDOWS\System32\PSAPI.DLL
0x00007ffc38690000 - 0x00007ffc38699000 	C:\WINDOWS\SYSTEM32\WSOCK32.dll
0x00007ffc48ce0000 - 0x00007ffc48d4a000 	C:\WINDOWS\System32\WS2_32.dll
0x00007ffc453a0000 - 0x00007ffc453c3000 	C:\WINDOWS\SYSTEM32\WINMM.dll
0x00007ffc3eba0000 - 0x00007ffc3ebaa000 	C:\WINDOWS\SYSTEM32\VERSION.dll
0x00007ffc45370000 - 0x00007ffc4539b000 	C:\WINDOWS\SYSTEM32\WINMMBASE.dll
0x00007ffc480a0000 - 0x00007ffc480e2000 	C:\WINDOWS\System32\cfgmgr32.dll
0x000000006c5c0000 - 0x000000006c5cf000 	C:\Program Files\Java\jdk1.8.0_101\jre\bin\verify.dll
0x000000006b870000 - 0x000000006b899000 	C:\Program Files\Java\jdk1.8.0_101\jre\bin\java.dll
0x000000006b850000 - 0x000000006b866000 	C:\Program Files\Java\jdk1.8.0_101\jre\bin\zip.dll
0x00007ffc494e0000 - 0x00007ffc4a9e9000 	C:\WINDOWS\System32\SHELL32.dll
0x00007ffc476e0000 - 0x00007ffc47dba000 	C:\WINDOWS\System32\windows.storage.dll
0x00007ffc46fc0000 - 0x00007ffc4700c000 	C:\WINDOWS\System32\powrprof.dll
0x00007ffc48940000 - 0x00007ffc48992000 	C:\WINDOWS\System32\shlwapi.dll
0x00007ffc47010000 - 0x00007ffc4701f000 	C:\WINDOWS\System32\kernel.appcore.dll
0x00007ffc47e20000 - 0x00007ffc47ec9000 	C:\WINDOWS\System32\shcore.dll
0x00007ffc47020000 - 0x00007ffc47034000 	C:\WINDOWS\System32\profapi.dll
0x00007ffc41970000 - 0x00007ffc41980000 	C:\Program Files (x86)\JetBrains\IntelliJ IDEA Community Edition 2016.2.1\bin\breakgen64.dll
0x000000006b830000 - 0x000000006b84a000 	C:\Program Files\Java\jdk1.8.0_101\jre\bin\net.dll
0x00007ffc46820000 - 0x00007ffc4687c000 	C:\WINDOWS\system32\mswsock.dll
0x000000006b810000 - 0x000000006b821000 	C:\Program Files\Java\jdk1.8.0_101\jre\bin\nio.dll
0x00007ffc46a90000 - 0x00007ffc46aa7000 	C:\WINDOWS\SYSTEM32\CRYPTSP.dll
0x00007ffc469a0000 - 0x00007ffc469d3000 	C:\WINDOWS\system32\rsaenh.dll
0x00007ffc46ba0000 - 0x00007ffc46bcb000 	C:\WINDOWS\SYSTEM32\bcrypt.dll
0x00007ffc466a0000 - 0x00007ffc466bf000 	C:\WINDOWS\SYSTEM32\USERENV.dll
0x00007ffc465b0000 - 0x00007ffc465e8000 	C:\WINDOWS\SYSTEM32\IPHLPAPI.DLL
0x00007ffc4ab50000 - 0x00007ffc4ab58000 	C:\WINDOWS\System32\NSI.dll
0x00007ffc438a0000 - 0x00007ffc438b6000 	C:\WINDOWS\SYSTEM32\dhcpcsvc6.DLL
0x00007ffc43880000 - 0x00007ffc4389a000 	C:\WINDOWS\SYSTEM32\dhcpcsvc.DLL

VM Arguments:
jvm_args: -Dmaven.home=C:\Program Files (x86)\JetBrains\IntelliJ IDEA Community Edition 2016.2.1\plugins\maven\lib\maven3 -Dclassworlds.conf=C:\Program Files (x86)\JetBrains\IntelliJ IDEA Community Edition 2016.2.1\plugins\maven\lib\maven3\bin\m2.conf -Didea.launcher.port=7533 -Didea.launcher.bin.path=C:\Program Files (x86)\JetBrains\IntelliJ IDEA Community Edition 2016.2.1\bin -Dfile.encoding=UTF-8 
java_command: com.intellij.rt.execution.application.AppMain org.codehaus.classworlds.Launcher -Didea.version=2016.2.1 clean package
java_class_path (initial): C:\Program Files (x86)\JetBrains\IntelliJ IDEA Community Edition 2016.2.1\plugins\maven\lib\maven3\boot\plexus-classworlds-2.4.jar;C:\Program Files (x86)\JetBrains\IntelliJ IDEA Community Edition 2016.2.1\lib\idea_rt.jar
Launcher Type: SUN_STANDARD

Environment Variables:
JAVA_HOME=C:\Program Files\Java\jdk1.8.0_101
PATH=C:\ProgramData\Oracle\Java\javapath;C:\WINDOWS\system32;C:\WINDOWS;C:\WINDOWS\System32\Wbem;C:\WINDOWS\System32\WindowsPowerShell\v1.0\;C:\Program Files (x86)\PuTTY\;C:\Program Files\Git\cmd;C:\Program Files\Git\mingw64\bin;C:\Program Files\Git\usr\bin;C:\Program Files\TortoiseSVN\bin;C:\Program Files\MySQL\MySQL Utilities 1.6\;C:\Program Files (x86)\Skype\Phone\;C:\Program Files\MySQL\MySQL Server 5.6\bin;C:\Program Files\Java\jdk1.8.0_101\bin;F:\Soft\Programms\apache-maven-3.3.9\bin;C:\Program Files\Crucial\Crucial Storage Executive;F:\Soft\Programms\gradle-3.2\bin;C:\Users\sergii_tyshchenko\AppData\Local\Microsoft\WindowsApps;
USERNAME=Sergii_Tyshchenko
OS=Windows_NT
PROCESSOR_IDENTIFIER=Intel64 Family 6 Model 60 Stepping 3, GenuineIntel



---------------  S Y S T E M  ---------------

OS: Windows 10.0 , 64 bit Build 14393 (10.0.14393.0)

CPU:total 4 (2 cores per cpu, 2 threads per core) family 6 model 60 stepping 3, cmov, cx8, fxsr, mmx, sse, sse2, sse3, ssse3, sse4.1, sse4.2, popcnt, avx, avx2, aes, clmul, erms, lzcnt, ht, tsc, tscinvbit, bmi1, bmi2

Memory: 4k page, physical 16655468k(949304k free), swap 20849772k(4160k free)

vm_info: Java HotSpot(TM) 64-Bit Server VM (25.101-b13) for windows-amd64 JRE (1.8.0_101-b13), built on Jun 22 2016 01:21:29 by "java_re" with MS VC++ 10.0 (VS2010)

time: Wed Dec 28 14:37:00 2016
elapsed time: 15 seconds (0d 0h 0m 15s)

